mode: set
github.com/scys12/modul-go/internal/delivery/product/get_available_products.go:9.89,11.16 2 0
github.com/scys12/modul-go/internal/delivery/product/get_available_products.go:15.2,15.33 1 0
github.com/scys12/modul-go/internal/delivery/product/get_available_products.go:11.16,14.3 2 0
github.com/scys12/modul-go/internal/delivery/product/insert_product.go:11.82,16.16 4 0
github.com/scys12/modul-go/internal/delivery/product/insert_product.go:20.2,21.16 2 0
github.com/scys12/modul-go/internal/delivery/product/insert_product.go:25.2,26.16 2 0
github.com/scys12/modul-go/internal/delivery/product/insert_product.go:30.2,30.43 1 0
github.com/scys12/modul-go/internal/delivery/product/insert_product.go:16.16,19.3 2 0
github.com/scys12/modul-go/internal/delivery/product/insert_product.go:21.16,24.3 2 0
github.com/scys12/modul-go/internal/delivery/product/insert_product.go:26.16,29.3 2 0
github.com/scys12/modul-go/internal/persistence/user/user.go:7.93,12.16 5 0
github.com/scys12/modul-go/internal/persistence/user/user.go:15.2,15.15 1 0
github.com/scys12/modul-go/internal/persistence/user/user.go:18.2,18.8 1 0
github.com/scys12/modul-go/internal/persistence/user/user.go:12.16,14.3 1 0
github.com/scys12/modul-go/internal/persistence/user/user.go:15.15,17.3 1 0
github.com/scys12/modul-go/internal/persistence/user/user.go:21.61,25.2 3 0
github.com/scys12/modul-go/internal/persistence/user/user.go:27.75,31.2 3 0
github.com/scys12/modul-go/internal/persistence/user/user.go:33.70,37.2 3 0
github.com/scys12/modul-go/internal/middleware/middleware.go:18.54,19.71 1 0
github.com/scys12/modul-go/internal/middleware/middleware.go:19.71,22.24 3 0
github.com/scys12/modul-go/internal/middleware/middleware.go:27.3,28.17 2 0
github.com/scys12/modul-go/internal/middleware/middleware.go:33.3,37.23 5 0
github.com/scys12/modul-go/internal/middleware/middleware.go:22.24,26.4 3 0
github.com/scys12/modul-go/internal/middleware/middleware.go:28.17,32.4 3 0
github.com/scys12/modul-go/main.go:22.13,24.16 2 0
github.com/scys12/modul-go/main.go:27.2,28.16 2 0
github.com/scys12/modul-go/main.go:31.2,32.21 2 0
github.com/scys12/modul-go/main.go:35.2,48.52 10 0
github.com/scys12/modul-go/main.go:24.16,26.3 1 0
github.com/scys12/modul-go/main.go:28.16,30.3 1 0
github.com/scys12/modul-go/main.go:32.21,34.3 1 0
github.com/scys12/modul-go/internal/delivery/user/create_user.go:10.79,13.16 3 1
github.com/scys12/modul-go/internal/delivery/user/create_user.go:17.2,18.16 2 1
github.com/scys12/modul-go/internal/delivery/user/create_user.go:22.2,23.16 2 1
github.com/scys12/modul-go/internal/delivery/user/create_user.go:27.2,27.40 1 1
github.com/scys12/modul-go/internal/delivery/user/create_user.go:13.16,16.3 2 1
github.com/scys12/modul-go/internal/delivery/user/create_user.go:18.16,21.3 2 1
github.com/scys12/modul-go/internal/delivery/user/create_user.go:23.16,26.3 2 1
github.com/scys12/modul-go/internal/delivery/product/delete_products.go:11.82,16.16 5 0
github.com/scys12/modul-go/internal/delivery/product/delete_products.go:20.2,20.42 1 0
github.com/scys12/modul-go/internal/delivery/product/delete_products.go:16.16,19.3 2 0
github.com/scys12/modul-go/route.go:10.55,30.2 16 0
github.com/scys12/modul-go/internal/delivery/user/get_user_detail.go:10.79,12.16 2 1
github.com/scys12/modul-go/internal/delivery/user/get_user_detail.go:16.2,17.16 2 1
github.com/scys12/modul-go/internal/delivery/user/get_user_detail.go:21.2,21.36 1 1
github.com/scys12/modul-go/internal/delivery/user/get_user_detail.go:12.16,15.3 2 1
github.com/scys12/modul-go/internal/delivery/user/get_user_detail.go:17.16,20.3 2 1
github.com/scys12/modul-go/pkg/tokenizer/token.go:14.13,16.2 1 1
github.com/scys12/modul-go/pkg/tokenizer/token.go:18.59,28.16 4 0
github.com/scys12/modul-go/pkg/tokenizer/token.go:31.2,31.25 1 0
github.com/scys12/modul-go/pkg/tokenizer/token.go:28.16,30.3 1 0
github.com/scys12/modul-go/pkg/tokenizer/token.go:34.43,36.30 2 0
github.com/scys12/modul-go/pkg/tokenizer/token.go:44.2,44.20 1 0
github.com/scys12/modul-go/pkg/tokenizer/token.go:36.30,38.3 1 0
github.com/scys12/modul-go/pkg/tokenizer/token.go:38.8,40.25 2 0
github.com/scys12/modul-go/pkg/tokenizer/token.go:40.25,42.4 1 0
github.com/scys12/modul-go/pkg/tokenizer/token.go:47.64,48.83 1 0
github.com/scys12/modul-go/pkg/tokenizer/token.go:54.2,54.16 1 0
github.com/scys12/modul-go/pkg/tokenizer/token.go:57.2,58.31 2 0
github.com/scys12/modul-go/pkg/tokenizer/token.go:61.2,64.26 4 0
github.com/scys12/modul-go/pkg/tokenizer/token.go:48.83,49.58 1 0
github.com/scys12/modul-go/pkg/tokenizer/token.go:52.3,52.36 1 0
github.com/scys12/modul-go/pkg/tokenizer/token.go:49.58,51.4 1 0
github.com/scys12/modul-go/pkg/tokenizer/token.go:54.16,56.3 1 0
github.com/scys12/modul-go/pkg/tokenizer/token.go:58.31,60.3 1 0
github.com/scys12/modul-go/pkg/payload/response.go:18.64,26.2 4 1
github.com/scys12/modul-go/pkg/payload/response.go:28.70,36.2 4 1
github.com/scys12/modul-go/internal/delivery/product/get_product.go:11.79,15.16 4 0
github.com/scys12/modul-go/internal/delivery/product/get_product.go:19.2,19.32 1 0
github.com/scys12/modul-go/internal/delivery/product/get_product.go:15.16,18.3 2 0
github.com/scys12/modul-go/internal/service/user/init.go:19.52,24.2 2 0
github.com/scys12/modul-go/mocks/IProductDelivery.go:17.84,19.2 1 0
github.com/scys12/modul-go/mocks/IProductDelivery.go:22.87,24.2 1 0
github.com/scys12/modul-go/mocks/IProductDelivery.go:27.94,29.2 1 0
github.com/scys12/modul-go/mocks/IProductDelivery.go:32.84,34.2 1 0
github.com/scys12/modul-go/mocks/IProductDelivery.go:37.91,39.2 1 0
github.com/scys12/modul-go/mocks/IProductDelivery.go:42.87,44.2 1 0
github.com/scys12/modul-go/mocks/IProductDelivery.go:47.87,49.2 1 0
github.com/scys12/modul-go/mocks/IUserRepo.go:16.82,20.58 3 0
github.com/scys12/modul-go/mocks/IUserRepo.go:26.2,27.59 2 0
github.com/scys12/modul-go/mocks/IUserRepo.go:33.2,33.15 1 0
github.com/scys12/modul-go/mocks/IUserRepo.go:20.58,22.3 1 0
github.com/scys12/modul-go/mocks/IUserRepo.go:22.8,24.3 1 0
github.com/scys12/modul-go/mocks/IUserRepo.go:27.59,29.3 1 0
github.com/scys12/modul-go/mocks/IUserRepo.go:29.8,31.3 1 0
github.com/scys12/modul-go/mocks/IUserRepo.go:37.62,41.56 3 0
github.com/scys12/modul-go/mocks/IUserRepo.go:47.2,48.51 2 0
github.com/scys12/modul-go/mocks/IUserRepo.go:54.2,54.15 1 0
github.com/scys12/modul-go/mocks/IUserRepo.go:41.56,43.3 1 0
github.com/scys12/modul-go/mocks/IUserRepo.go:43.8,45.3 1 0
github.com/scys12/modul-go/mocks/IUserRepo.go:48.51,50.3 1 0
github.com/scys12/modul-go/mocks/IUserRepo.go:50.8,52.3 1 0
github.com/scys12/modul-go/mocks/IUserRepo.go:58.63,62.53 3 0
github.com/scys12/modul-go/mocks/IUserRepo.go:68.2,69.48 2 0
github.com/scys12/modul-go/mocks/IUserRepo.go:75.2,75.15 1 0
github.com/scys12/modul-go/mocks/IUserRepo.go:62.53,64.3 1 0
github.com/scys12/modul-go/mocks/IUserRepo.go:64.8,66.3 1 0
github.com/scys12/modul-go/mocks/IUserRepo.go:69.48,71.3 1 0
github.com/scys12/modul-go/mocks/IUserRepo.go:71.8,73.3 1 0
github.com/scys12/modul-go/mocks/IUserRepo.go:79.55,83.55 3 0
github.com/scys12/modul-go/mocks/IUserRepo.go:89.2,89.11 1 0
github.com/scys12/modul-go/mocks/IUserRepo.go:83.55,85.3 1 0
github.com/scys12/modul-go/mocks/IUserRepo.go:85.8,87.3 1 0
github.com/scys12/modul-go/internal/config/config.go:21.46,26.16 5 1
github.com/scys12/modul-go/internal/config/config.go:29.2,29.48 1 0
github.com/scys12/modul-go/internal/config/config.go:32.2,32.8 1 0
github.com/scys12/modul-go/internal/config/config.go:26.16,28.3 1 1
github.com/scys12/modul-go/internal/config/config.go:29.48,31.3 1 0
github.com/scys12/modul-go/internal/delivery/product/get_seller_products.go:11.86,15.16 4 0
github.com/scys12/modul-go/internal/delivery/product/get_seller_products.go:19.2,19.33 1 0
github.com/scys12/modul-go/internal/delivery/product/get_seller_products.go:15.16,18.3 2 0
github.com/scys12/modul-go/internal/delivery/product/update_product.go:12.82,18.16 6 0
github.com/scys12/modul-go/internal/delivery/product/update_product.go:22.2,23.16 2 0
github.com/scys12/modul-go/internal/delivery/product/update_product.go:27.2,28.16 2 0
github.com/scys12/modul-go/internal/delivery/product/update_product.go:32.2,32.42 1 0
github.com/scys12/modul-go/internal/delivery/product/update_product.go:18.16,21.3 2 0
github.com/scys12/modul-go/internal/delivery/product/update_product.go:23.16,26.3 2 0
github.com/scys12/modul-go/internal/delivery/product/update_product.go:28.16,31.3 2 0
github.com/scys12/modul-go/internal/service/user/login_user.go:13.86,15.16 2 0
github.com/scys12/modul-go/internal/service/user/login_user.go:18.2,19.26 2 0
github.com/scys12/modul-go/internal/service/user/login_user.go:23.2,24.16 2 0
github.com/scys12/modul-go/internal/service/user/login_user.go:27.2,27.41 1 0
github.com/scys12/modul-go/internal/service/user/login_user.go:15.16,17.3 1 0
github.com/scys12/modul-go/internal/service/user/login_user.go:19.26,22.3 2 0
github.com/scys12/modul-go/internal/service/user/login_user.go:24.16,26.3 1 0
github.com/scys12/modul-go/mocks/IProductService.go:18.60,22.48 3 0
github.com/scys12/modul-go/mocks/IProductService.go:28.2,28.11 1 0
github.com/scys12/modul-go/mocks/IProductService.go:22.48,24.3 1 0
github.com/scys12/modul-go/mocks/IProductService.go:24.8,26.3 1 0
github.com/scys12/modul-go/mocks/IProductService.go:32.75,36.53 3 0
github.com/scys12/modul-go/mocks/IProductService.go:42.2,42.11 1 0
github.com/scys12/modul-go/mocks/IProductService.go:36.53,38.3 1 0
github.com/scys12/modul-go/mocks/IProductService.go:38.8,40.3 1 0
github.com/scys12/modul-go/mocks/IProductService.go:46.76,50.55 3 0
github.com/scys12/modul-go/mocks/IProductService.go:58.2,59.45 2 0
github.com/scys12/modul-go/mocks/IProductService.go:65.2,65.15 1 0
github.com/scys12/modul-go/mocks/IProductService.go:50.55,52.3 1 0
github.com/scys12/modul-go/mocks/IProductService.go:52.8,53.24 1 0
github.com/scys12/modul-go/mocks/IProductService.go:53.24,55.4 1 0
github.com/scys12/modul-go/mocks/IProductService.go:59.45,61.3 1 0
github.com/scys12/modul-go/mocks/IProductService.go:61.8,63.3 1 0
github.com/scys12/modul-go/mocks/IProductService.go:69.77,73.56 3 0
github.com/scys12/modul-go/mocks/IProductService.go:79.2,80.48 2 0
github.com/scys12/modul-go/mocks/IProductService.go:86.2,86.15 1 0
github.com/scys12/modul-go/mocks/IProductService.go:73.56,75.3 1 0
github.com/scys12/modul-go/mocks/IProductService.go:75.8,77.3 1 0
github.com/scys12/modul-go/mocks/IProductService.go:80.48,82.3 1 0
github.com/scys12/modul-go/mocks/IProductService.go:82.8,84.3 1 0
github.com/scys12/modul-go/mocks/IProductService.go:90.85,94.58 3 0
github.com/scys12/modul-go/mocks/IProductService.go:102.2,103.48 2 0
github.com/scys12/modul-go/mocks/IProductService.go:109.2,109.15 1 0
github.com/scys12/modul-go/mocks/IProductService.go:94.58,96.3 1 0
github.com/scys12/modul-go/mocks/IProductService.go:96.8,97.24 1 0
github.com/scys12/modul-go/mocks/IProductService.go:97.24,99.4 1 0
github.com/scys12/modul-go/mocks/IProductService.go:103.48,105.3 1 0
github.com/scys12/modul-go/mocks/IProductService.go:105.8,107.3 1 0
github.com/scys12/modul-go/mocks/IProductService.go:113.85,117.72 3 0
github.com/scys12/modul-go/mocks/IProductService.go:123.2,123.11 1 0
github.com/scys12/modul-go/mocks/IProductService.go:117.72,119.3 1 0
github.com/scys12/modul-go/mocks/IProductService.go:119.8,121.3 1 0
github.com/scys12/modul-go/mocks/IProductService.go:127.94,131.77 3 0
github.com/scys12/modul-go/mocks/IProductService.go:137.2,137.11 1 0
github.com/scys12/modul-go/mocks/IProductService.go:131.77,133.3 1 0
github.com/scys12/modul-go/mocks/IProductService.go:133.8,135.3 1 0
github.com/scys12/modul-go/internal/service/product/init.go:23.61,28.2 2 0
github.com/scys12/modul-go/internal/service/product/product.go:8.65,11.2 2 0
github.com/scys12/modul-go/internal/service/product/product.go:13.76,16.2 2 0
github.com/scys12/modul-go/internal/service/product/product.go:18.88,21.2 2 0
github.com/scys12/modul-go/internal/service/product/product.go:23.88,26.2 2 0
github.com/scys12/modul-go/internal/service/product/product.go:28.97,31.2 2 0
github.com/scys12/modul-go/internal/service/product/product.go:33.100,42.2 3 0
github.com/scys12/modul-go/internal/service/product/product.go:44.111,46.16 2 0
github.com/scys12/modul-go/internal/service/product/product.go:49.2,54.8 5 0
github.com/scys12/modul-go/internal/service/product/product.go:46.16,48.3 1 0
github.com/scys12/modul-go/internal/service/user/create_new_user.go:11.87,13.16 2 0
github.com/scys12/modul-go/internal/service/user/create_new_user.go:16.2,16.13 1 0
github.com/scys12/modul-go/internal/service/user/create_new_user.go:20.2,21.16 2 0
github.com/scys12/modul-go/internal/service/user/create_new_user.go:24.2,30.8 3 0
github.com/scys12/modul-go/internal/service/user/create_new_user.go:13.16,15.3 1 0
github.com/scys12/modul-go/internal/service/user/create_new_user.go:16.13,19.3 2 0
github.com/scys12/modul-go/internal/service/user/create_new_user.go:21.16,23.3 1 0
github.com/scys12/modul-go/mocks/IUserService.go:18.74,22.68 3 1
github.com/scys12/modul-go/mocks/IUserService.go:28.2,28.11 1 1
github.com/scys12/modul-go/mocks/IUserService.go:22.68,24.3 1 0
github.com/scys12/modul-go/mocks/IUserService.go:24.8,26.3 1 1
github.com/scys12/modul-go/mocks/IUserService.go:32.69,36.53 3 1
github.com/scys12/modul-go/mocks/IUserService.go:42.2,43.48 2 1
github.com/scys12/modul-go/mocks/IUserService.go:49.2,49.15 1 1
github.com/scys12/modul-go/mocks/IUserService.go:36.53,38.3 1 0
github.com/scys12/modul-go/mocks/IUserService.go:38.8,40.3 1 1
github.com/scys12/modul-go/mocks/IUserService.go:43.48,45.3 1 0
github.com/scys12/modul-go/mocks/IUserService.go:45.8,47.3 1 1
github.com/scys12/modul-go/mocks/IUserService.go:53.82,57.66 3 1
github.com/scys12/modul-go/mocks/IUserService.go:63.2,64.63 2 1
github.com/scys12/modul-go/mocks/IUserService.go:70.2,71.65 2 1
github.com/scys12/modul-go/mocks/IUserService.go:77.2,77.19 1 1
github.com/scys12/modul-go/mocks/IUserService.go:57.66,59.3 1 0
github.com/scys12/modul-go/mocks/IUserService.go:59.8,61.3 1 1
github.com/scys12/modul-go/mocks/IUserService.go:64.63,66.3 1 0
github.com/scys12/modul-go/mocks/IUserService.go:66.8,68.3 1 1
github.com/scys12/modul-go/mocks/IUserService.go:71.65,73.3 1 0
github.com/scys12/modul-go/mocks/IUserService.go:73.8,75.3 1 1
github.com/scys12/modul-go/internal/persistence/product/product.go:7.96,12.16 5 0
github.com/scys12/modul-go/internal/persistence/product/product.go:15.2,15.15 1 0
github.com/scys12/modul-go/internal/persistence/product/product.go:18.2,18.8 1 0
github.com/scys12/modul-go/internal/persistence/product/product.go:12.16,14.3 1 0
github.com/scys12/modul-go/internal/persistence/product/product.go:15.15,17.3 1 0
github.com/scys12/modul-go/internal/persistence/product/product.go:21.73,25.2 3 0
github.com/scys12/modul-go/internal/persistence/product/product.go:27.103,32.2 3 0
github.com/scys12/modul-go/internal/persistence/product/product.go:34.78,38.2 3 0
github.com/scys12/modul-go/internal/persistence/product/product.go:40.73,44.2 3 0
github.com/scys12/modul-go/internal/persistence/product/product.go:46.72,50.2 3 0
github.com/scys12/modul-go/internal/persistence/product/product.go:52.88,56.16 4 0
github.com/scys12/modul-go/internal/persistence/product/product.go:59.2,60.18 2 0
github.com/scys12/modul-go/internal/persistence/product/product.go:68.2,69.16 2 0
github.com/scys12/modul-go/internal/persistence/product/product.go:72.2,72.8 1 0
github.com/scys12/modul-go/internal/persistence/product/product.go:56.16,58.3 1 0
github.com/scys12/modul-go/internal/persistence/product/product.go:60.18,63.17 3 0
github.com/scys12/modul-go/internal/persistence/product/product.go:66.3,66.42 1 0
github.com/scys12/modul-go/internal/persistence/product/product.go:63.17,65.4 1 0
github.com/scys12/modul-go/internal/persistence/product/product.go:69.16,71.3 1 0
github.com/scys12/modul-go/internal/persistence/product/product.go:75.55,79.2 3 0
github.com/scys12/modul-go/internal/persistence/product/product.go:81.85,85.16 4 0
github.com/scys12/modul-go/internal/persistence/product/product.go:88.2,89.18 2 0
github.com/scys12/modul-go/internal/persistence/product/product.go:97.2,98.16 2 0
github.com/scys12/modul-go/internal/persistence/product/product.go:101.2,101.8 1 0
github.com/scys12/modul-go/internal/persistence/product/product.go:85.16,87.3 1 0
github.com/scys12/modul-go/internal/persistence/product/product.go:89.18,92.17 3 0
github.com/scys12/modul-go/internal/persistence/product/product.go:95.3,95.42 1 0
github.com/scys12/modul-go/internal/persistence/product/product.go:92.17,94.4 1 0
github.com/scys12/modul-go/internal/persistence/product/product.go:98.16,100.3 1 0
github.com/scys12/modul-go/internal/delivery/user/init.go:12.13,14.2 1 1
github.com/scys12/modul-go/internal/delivery/user/init.go:26.56,31.2 2 1
github.com/scys12/modul-go/internal/delivery/user/login_user.go:10.75,13.16 3 1
github.com/scys12/modul-go/internal/delivery/user/login_user.go:17.2,18.16 2 1
github.com/scys12/modul-go/internal/delivery/user/login_user.go:23.2,24.16 2 1
github.com/scys12/modul-go/internal/delivery/user/login_user.go:28.2,32.29 2 1
github.com/scys12/modul-go/internal/delivery/user/login_user.go:13.16,16.3 2 1
github.com/scys12/modul-go/internal/delivery/user/login_user.go:18.16,21.3 2 1
github.com/scys12/modul-go/internal/delivery/user/login_user.go:24.16,27.3 2 1
github.com/scys12/modul-go/mocks/IProductRepo.go:16.51,20.48 3 0
github.com/scys12/modul-go/mocks/IProductRepo.go:26.2,26.11 1 0
github.com/scys12/modul-go/mocks/IProductRepo.go:20.48,22.3 1 0
github.com/scys12/modul-go/mocks/IProductRepo.go:22.8,24.3 1 0
github.com/scys12/modul-go/mocks/IProductRepo.go:30.85,34.58 3 0
github.com/scys12/modul-go/mocks/IProductRepo.go:40.2,41.59 2 0
github.com/scys12/modul-go/mocks/IProductRepo.go:47.2,47.15 1 0
github.com/scys12/modul-go/mocks/IProductRepo.go:34.58,36.3 1 0
github.com/scys12/modul-go/mocks/IProductRepo.go:36.8,38.3 1 0
github.com/scys12/modul-go/mocks/IProductRepo.go:41.59,43.3 1 0
github.com/scys12/modul-go/mocks/IProductRepo.go:43.8,45.3 1 0
github.com/scys12/modul-go/mocks/IProductRepo.go:51.63,55.53 3 0
github.com/scys12/modul-go/mocks/IProductRepo.go:61.2,61.11 1 0
github.com/scys12/modul-go/mocks/IProductRepo.go:55.53,57.3 1 0
github.com/scys12/modul-go/mocks/IProductRepo.go:57.8,59.3 1 0
github.com/scys12/modul-go/mocks/IProductRepo.go:65.73,69.55 3 0
github.com/scys12/modul-go/mocks/IProductRepo.go:77.2,78.45 2 0
github.com/scys12/modul-go/mocks/IProductRepo.go:84.2,84.15 1 0
github.com/scys12/modul-go/mocks/IProductRepo.go:69.55,71.3 1 0
github.com/scys12/modul-go/mocks/IProductRepo.go:71.8,72.24 1 0
github.com/scys12/modul-go/mocks/IProductRepo.go:72.24,74.4 1 0
github.com/scys12/modul-go/mocks/IProductRepo.go:78.45,80.3 1 0
github.com/scys12/modul-go/mocks/IProductRepo.go:80.8,82.3 1 0
github.com/scys12/modul-go/mocks/IProductRepo.go:88.88,92.61 3 0
github.com/scys12/modul-go/mocks/IProductRepo.go:98.2,99.53 2 0
github.com/scys12/modul-go/mocks/IProductRepo.go:105.2,105.15 1 0
github.com/scys12/modul-go/mocks/IProductRepo.go:92.61,94.3 1 0
github.com/scys12/modul-go/mocks/IProductRepo.go:94.8,96.3 1 0
github.com/scys12/modul-go/mocks/IProductRepo.go:99.53,101.3 1 0
github.com/scys12/modul-go/mocks/IProductRepo.go:101.8,103.3 1 0
github.com/scys12/modul-go/mocks/IProductRepo.go:109.68,113.56 3 0
github.com/scys12/modul-go/mocks/IProductRepo.go:119.2,120.48 2 0
github.com/scys12/modul-go/mocks/IProductRepo.go:126.2,126.15 1 0
github.com/scys12/modul-go/mocks/IProductRepo.go:113.56,115.3 1 0
github.com/scys12/modul-go/mocks/IProductRepo.go:115.8,117.3 1 0
github.com/scys12/modul-go/mocks/IProductRepo.go:120.48,122.3 1 0
github.com/scys12/modul-go/mocks/IProductRepo.go:122.8,124.3 1 0
github.com/scys12/modul-go/mocks/IProductRepo.go:130.77,134.58 3 0
github.com/scys12/modul-go/mocks/IProductRepo.go:142.2,143.48 2 0
github.com/scys12/modul-go/mocks/IProductRepo.go:149.2,149.15 1 0
github.com/scys12/modul-go/mocks/IProductRepo.go:134.58,136.3 1 0
github.com/scys12/modul-go/mocks/IProductRepo.go:136.8,137.24 1 0
github.com/scys12/modul-go/mocks/IProductRepo.go:137.24,139.4 1 0
github.com/scys12/modul-go/mocks/IProductRepo.go:143.48,145.3 1 0
github.com/scys12/modul-go/mocks/IProductRepo.go:145.8,147.3 1 0
github.com/scys12/modul-go/mocks/IProductRepo.go:153.64,157.58 3 0
github.com/scys12/modul-go/mocks/IProductRepo.go:163.2,163.11 1 0
github.com/scys12/modul-go/mocks/IProductRepo.go:157.58,159.3 1 0
github.com/scys12/modul-go/mocks/IProductRepo.go:159.8,161.3 1 0
github.com/scys12/modul-go/mocks/IProductRepo.go:167.64,171.58 3 0
github.com/scys12/modul-go/mocks/IProductRepo.go:177.2,177.11 1 0
github.com/scys12/modul-go/mocks/IProductRepo.go:171.58,173.3 1 0
github.com/scys12/modul-go/mocks/IProductRepo.go:173.8,175.3 1 0
github.com/scys12/modul-go/internal/persistence/product/init.go:25.43,29.2 1 0
github.com/scys12/modul-go/internal/delivery/product/buy_products.go:11.79,15.16 4 0
github.com/scys12/modul-go/internal/delivery/product/buy_products.go:19.2,19.41 1 0
github.com/scys12/modul-go/internal/delivery/product/buy_products.go:15.16,18.3 2 0
github.com/scys12/modul-go/internal/delivery/product/init.go:12.13,14.2 1 1
github.com/scys12/modul-go/internal/delivery/product/init.go:30.68,35.2 2 0
github.com/scys12/modul-go/internal/persistence/user/init.go:20.40,24.2 1 0
github.com/scys12/modul-go/internal/service/user/get_user_id.go:7.77,10.2 2 0
github.com/scys12/modul-go/mocks/IUserDelivery.go:17.84,19.2 1 0
github.com/scys12/modul-go/mocks/IUserDelivery.go:22.84,24.2 1 0
github.com/scys12/modul-go/mocks/IUserDelivery.go:27.80,29.2 1 0
github.com/scys12/modul-go/internal/database/db.go:12.55,15.16 3 0
github.com/scys12/modul-go/internal/database/db.go:18.2,21.16 4 0
github.com/scys12/modul-go/internal/database/db.go:15.16,17.3 1 0
github.com/scys12/modul-go/internal/database/db.go:12.55,15.16 3 0
github.com/scys12/modul-go/internal/database/db.go:18.2,21.16 4 0
github.com/scys12/modul-go/internal/database/db.go:15.16,17.3 1 0
github.com/scys12/modul-go/internal/delivery/user/init.go:12.13,14.2 1 1
github.com/scys12/modul-go/internal/delivery/user/init.go:26.56,31.2 2 0
github.com/scys12/modul-go/pkg/tokenizer/token.go:14.13,16.2 1 1
github.com/scys12/modul-go/pkg/tokenizer/token.go:18.59,28.16 4 1
github.com/scys12/modul-go/pkg/tokenizer/token.go:31.2,31.25 1 1
github.com/scys12/modul-go/pkg/tokenizer/token.go:28.16,30.3 1 0
github.com/scys12/modul-go/pkg/tokenizer/token.go:34.43,36.30 2 0
github.com/scys12/modul-go/pkg/tokenizer/token.go:44.2,44.20 1 0
github.com/scys12/modul-go/pkg/tokenizer/token.go:36.30,38.3 1 0
github.com/scys12/modul-go/pkg/tokenizer/token.go:38.8,40.25 2 0
github.com/scys12/modul-go/pkg/tokenizer/token.go:40.25,42.4 1 0
github.com/scys12/modul-go/pkg/tokenizer/token.go:47.64,48.83 1 0
github.com/scys12/modul-go/pkg/tokenizer/token.go:54.2,54.16 1 0
github.com/scys12/modul-go/pkg/tokenizer/token.go:57.2,58.31 2 0
github.com/scys12/modul-go/pkg/tokenizer/token.go:61.2,64.26 4 0
github.com/scys12/modul-go/pkg/tokenizer/token.go:48.83,49.58 1 0
github.com/scys12/modul-go/pkg/tokenizer/token.go:52.3,52.36 1 0
github.com/scys12/modul-go/pkg/tokenizer/token.go:49.58,51.4 1 0
github.com/scys12/modul-go/pkg/tokenizer/token.go:54.16,56.3 1 0
github.com/scys12/modul-go/pkg/tokenizer/token.go:58.31,60.3 1 0
github.com/scys12/modul-go/main.go:22.13,24.16 2 0
github.com/scys12/modul-go/main.go:27.2,28.16 2 0
github.com/scys12/modul-go/main.go:31.2,32.21 2 0
github.com/scys12/modul-go/main.go:35.2,48.52 10 0
github.com/scys12/modul-go/main.go:24.16,26.3 1 0
github.com/scys12/modul-go/main.go:28.16,30.3 1 0
github.com/scys12/modul-go/main.go:32.21,34.3 1 0
github.com/scys12/modul-go/route.go:10.55,30.2 16 0
github.com/scys12/modul-go/internal/service/user/create_new_user.go:11.87,13.16 2 1
github.com/scys12/modul-go/internal/service/user/create_new_user.go:16.2,16.13 1 1
github.com/scys12/modul-go/internal/service/user/create_new_user.go:20.2,21.16 2 1
github.com/scys12/modul-go/internal/service/user/create_new_user.go:24.2,30.8 3 1
github.com/scys12/modul-go/internal/service/user/create_new_user.go:13.16,15.3 1 1
github.com/scys12/modul-go/internal/service/user/create_new_user.go:16.13,19.3 2 1
github.com/scys12/modul-go/internal/service/user/create_new_user.go:21.16,23.3 1 0
github.com/scys12/modul-go/internal/service/user/get_user_id.go:7.77,10.2 2 1
github.com/scys12/modul-go/internal/config/config.go:21.46,26.16 5 1
github.com/scys12/modul-go/internal/config/config.go:29.2,29.48 1 0
github.com/scys12/modul-go/internal/config/config.go:32.2,32.8 1 0
github.com/scys12/modul-go/internal/config/config.go:26.16,28.3 1 1
github.com/scys12/modul-go/internal/config/config.go:29.48,31.3 1 0
github.com/scys12/modul-go/internal/delivery/product/init.go:12.13,14.2 1 1
github.com/scys12/modul-go/internal/delivery/product/init.go:30.68,35.2 2 0
github.com/scys12/modul-go/internal/delivery/user/get_user_detail.go:10.79,12.16 2 0
github.com/scys12/modul-go/internal/delivery/user/get_user_detail.go:16.2,17.16 2 0
github.com/scys12/modul-go/internal/delivery/user/get_user_detail.go:21.2,21.36 1 0
github.com/scys12/modul-go/internal/delivery/user/get_user_detail.go:12.16,15.3 2 0
github.com/scys12/modul-go/internal/delivery/user/get_user_detail.go:17.16,20.3 2 0
github.com/scys12/modul-go/mocks/IProductService.go:18.60,22.48 3 0
github.com/scys12/modul-go/mocks/IProductService.go:28.2,28.11 1 0
github.com/scys12/modul-go/mocks/IProductService.go:22.48,24.3 1 0
github.com/scys12/modul-go/mocks/IProductService.go:24.8,26.3 1 0
github.com/scys12/modul-go/mocks/IProductService.go:32.75,36.53 3 0
github.com/scys12/modul-go/mocks/IProductService.go:42.2,42.11 1 0
github.com/scys12/modul-go/mocks/IProductService.go:36.53,38.3 1 0
github.com/scys12/modul-go/mocks/IProductService.go:38.8,40.3 1 0
github.com/scys12/modul-go/mocks/IProductService.go:46.76,50.55 3 0
github.com/scys12/modul-go/mocks/IProductService.go:58.2,59.45 2 0
github.com/scys12/modul-go/mocks/IProductService.go:65.2,65.15 1 0
github.com/scys12/modul-go/mocks/IProductService.go:50.55,52.3 1 0
github.com/scys12/modul-go/mocks/IProductService.go:52.8,53.24 1 0
github.com/scys12/modul-go/mocks/IProductService.go:53.24,55.4 1 0
github.com/scys12/modul-go/mocks/IProductService.go:59.45,61.3 1 0
github.com/scys12/modul-go/mocks/IProductService.go:61.8,63.3 1 0
github.com/scys12/modul-go/mocks/IProductService.go:69.77,73.56 3 0
github.com/scys12/modul-go/mocks/IProductService.go:79.2,80.48 2 0
github.com/scys12/modul-go/mocks/IProductService.go:86.2,86.15 1 0
github.com/scys12/modul-go/mocks/IProductService.go:73.56,75.3 1 0
github.com/scys12/modul-go/mocks/IProductService.go:75.8,77.3 1 0
github.com/scys12/modul-go/mocks/IProductService.go:80.48,82.3 1 0
github.com/scys12/modul-go/mocks/IProductService.go:82.8,84.3 1 0
github.com/scys12/modul-go/mocks/IProductService.go:90.85,94.58 3 0
github.com/scys12/modul-go/mocks/IProductService.go:102.2,103.48 2 0
github.com/scys12/modul-go/mocks/IProductService.go:109.2,109.15 1 0
github.com/scys12/modul-go/mocks/IProductService.go:94.58,96.3 1 0
github.com/scys12/modul-go/mocks/IProductService.go:96.8,97.24 1 0
github.com/scys12/modul-go/mocks/IProductService.go:97.24,99.4 1 0
github.com/scys12/modul-go/mocks/IProductService.go:103.48,105.3 1 0
github.com/scys12/modul-go/mocks/IProductService.go:105.8,107.3 1 0
github.com/scys12/modul-go/mocks/IProductService.go:113.85,117.72 3 0
github.com/scys12/modul-go/mocks/IProductService.go:123.2,123.11 1 0
github.com/scys12/modul-go/mocks/IProductService.go:117.72,119.3 1 0
github.com/scys12/modul-go/mocks/IProductService.go:119.8,121.3 1 0
github.com/scys12/modul-go/mocks/IProductService.go:127.94,131.77 3 0
github.com/scys12/modul-go/mocks/IProductService.go:137.2,137.11 1 0
github.com/scys12/modul-go/mocks/IProductService.go:131.77,133.3 1 0
github.com/scys12/modul-go/mocks/IProductService.go:133.8,135.3 1 0
github.com/scys12/modul-go/internal/service/user/login_user.go:13.86,15.16 2 1
github.com/scys12/modul-go/internal/service/user/login_user.go:18.2,19.26 2 1
github.com/scys12/modul-go/internal/service/user/login_user.go:23.2,24.16 2 1
github.com/scys12/modul-go/internal/service/user/login_user.go:27.2,27.41 1 1
github.com/scys12/modul-go/internal/service/user/login_user.go:15.16,17.3 1 1
github.com/scys12/modul-go/internal/service/user/login_user.go:19.26,22.3 2 1
github.com/scys12/modul-go/internal/service/user/login_user.go:24.16,26.3 1 0
github.com/scys12/modul-go/internal/service/product/init.go:23.61,28.2 2 0
github.com/scys12/modul-go/internal/delivery/product/get_seller_products.go:11.86,15.16 4 0
github.com/scys12/modul-go/internal/delivery/product/get_seller_products.go:19.2,19.33 1 0
github.com/scys12/modul-go/internal/delivery/product/get_seller_products.go:15.16,18.3 2 0
github.com/scys12/modul-go/internal/persistence/user/user.go:7.93,12.16 5 0
github.com/scys12/modul-go/internal/persistence/user/user.go:15.2,15.15 1 0
github.com/scys12/modul-go/internal/persistence/user/user.go:18.2,18.8 1 0
github.com/scys12/modul-go/internal/persistence/user/user.go:12.16,14.3 1 0
github.com/scys12/modul-go/internal/persistence/user/user.go:15.15,17.3 1 0
github.com/scys12/modul-go/internal/persistence/user/user.go:21.61,25.2 3 0
github.com/scys12/modul-go/internal/persistence/user/user.go:27.75,31.2 3 0
github.com/scys12/modul-go/internal/persistence/user/user.go:33.70,37.2 3 0
github.com/scys12/modul-go/mocks/IProductRepo.go:16.51,20.48 3 0
github.com/scys12/modul-go/mocks/IProductRepo.go:26.2,26.11 1 0
github.com/scys12/modul-go/mocks/IProductRepo.go:20.48,22.3 1 0
github.com/scys12/modul-go/mocks/IProductRepo.go:22.8,24.3 1 0
github.com/scys12/modul-go/mocks/IProductRepo.go:30.85,34.58 3 0
github.com/scys12/modul-go/mocks/IProductRepo.go:40.2,41.59 2 0
github.com/scys12/modul-go/mocks/IProductRepo.go:47.2,47.15 1 0
github.com/scys12/modul-go/mocks/IProductRepo.go:34.58,36.3 1 0
github.com/scys12/modul-go/mocks/IProductRepo.go:36.8,38.3 1 0
github.com/scys12/modul-go/mocks/IProductRepo.go:41.59,43.3 1 0
github.com/scys12/modul-go/mocks/IProductRepo.go:43.8,45.3 1 0
github.com/scys12/modul-go/mocks/IProductRepo.go:51.63,55.53 3 0
github.com/scys12/modul-go/mocks/IProductRepo.go:61.2,61.11 1 0
github.com/scys12/modul-go/mocks/IProductRepo.go:55.53,57.3 1 0
github.com/scys12/modul-go/mocks/IProductRepo.go:57.8,59.3 1 0
github.com/scys12/modul-go/mocks/IProductRepo.go:65.73,69.55 3 0
github.com/scys12/modul-go/mocks/IProductRepo.go:77.2,78.45 2 0
github.com/scys12/modul-go/mocks/IProductRepo.go:84.2,84.15 1 0
github.com/scys12/modul-go/mocks/IProductRepo.go:69.55,71.3 1 0
github.com/scys12/modul-go/mocks/IProductRepo.go:71.8,72.24 1 0
github.com/scys12/modul-go/mocks/IProductRepo.go:72.24,74.4 1 0
github.com/scys12/modul-go/mocks/IProductRepo.go:78.45,80.3 1 0
github.com/scys12/modul-go/mocks/IProductRepo.go:80.8,82.3 1 0
github.com/scys12/modul-go/mocks/IProductRepo.go:88.88,92.61 3 0
github.com/scys12/modul-go/mocks/IProductRepo.go:98.2,99.53 2 0
github.com/scys12/modul-go/mocks/IProductRepo.go:105.2,105.15 1 0
github.com/scys12/modul-go/mocks/IProductRepo.go:92.61,94.3 1 0
github.com/scys12/modul-go/mocks/IProductRepo.go:94.8,96.3 1 0
github.com/scys12/modul-go/mocks/IProductRepo.go:99.53,101.3 1 0
github.com/scys12/modul-go/mocks/IProductRepo.go:101.8,103.3 1 0
github.com/scys12/modul-go/mocks/IProductRepo.go:109.68,113.56 3 0
github.com/scys12/modul-go/mocks/IProductRepo.go:119.2,120.48 2 0
github.com/scys12/modul-go/mocks/IProductRepo.go:126.2,126.15 1 0
github.com/scys12/modul-go/mocks/IProductRepo.go:113.56,115.3 1 0
github.com/scys12/modul-go/mocks/IProductRepo.go:115.8,117.3 1 0
github.com/scys12/modul-go/mocks/IProductRepo.go:120.48,122.3 1 0
github.com/scys12/modul-go/mocks/IProductRepo.go:122.8,124.3 1 0
github.com/scys12/modul-go/mocks/IProductRepo.go:130.77,134.58 3 0
github.com/scys12/modul-go/mocks/IProductRepo.go:142.2,143.48 2 0
github.com/scys12/modul-go/mocks/IProductRepo.go:149.2,149.15 1 0
github.com/scys12/modul-go/mocks/IProductRepo.go:134.58,136.3 1 0
github.com/scys12/modul-go/mocks/IProductRepo.go:136.8,137.24 1 0
github.com/scys12/modul-go/mocks/IProductRepo.go:137.24,139.4 1 0
github.com/scys12/modul-go/mocks/IProductRepo.go:143.48,145.3 1 0
github.com/scys12/modul-go/mocks/IProductRepo.go:145.8,147.3 1 0
github.com/scys12/modul-go/mocks/IProductRepo.go:153.64,157.58 3 0
github.com/scys12/modul-go/mocks/IProductRepo.go:163.2,163.11 1 0
github.com/scys12/modul-go/mocks/IProductRepo.go:157.58,159.3 1 0
github.com/scys12/modul-go/mocks/IProductRepo.go:159.8,161.3 1 0
github.com/scys12/modul-go/mocks/IProductRepo.go:167.64,171.58 3 0
github.com/scys12/modul-go/mocks/IProductRepo.go:177.2,177.11 1 0
github.com/scys12/modul-go/mocks/IProductRepo.go:171.58,173.3 1 0
github.com/scys12/modul-go/mocks/IProductRepo.go:173.8,175.3 1 0
github.com/scys12/modul-go/internal/delivery/product/delete_products.go:11.82,16.16 5 0
github.com/scys12/modul-go/internal/delivery/product/delete_products.go:20.2,20.42 1 0
github.com/scys12/modul-go/internal/delivery/product/delete_products.go:16.16,19.3 2 0
github.com/scys12/modul-go/internal/delivery/product/update_product.go:12.82,18.16 6 0
github.com/scys12/modul-go/internal/delivery/product/update_product.go:22.2,23.16 2 0
github.com/scys12/modul-go/internal/delivery/product/update_product.go:27.2,28.16 2 0
github.com/scys12/modul-go/internal/delivery/product/update_product.go:32.2,32.42 1 0
github.com/scys12/modul-go/internal/delivery/product/update_product.go:18.16,21.3 2 0
github.com/scys12/modul-go/internal/delivery/product/update_product.go:23.16,26.3 2 0
github.com/scys12/modul-go/internal/delivery/product/update_product.go:28.16,31.3 2 0
github.com/scys12/modul-go/internal/delivery/product/get_product.go:11.79,15.16 4 0
github.com/scys12/modul-go/internal/delivery/product/get_product.go:19.2,19.32 1 0
github.com/scys12/modul-go/internal/delivery/product/get_product.go:15.16,18.3 2 0
github.com/scys12/modul-go/internal/delivery/user/create_user.go:10.79,13.16 3 0
github.com/scys12/modul-go/internal/delivery/user/create_user.go:17.2,18.16 2 0
github.com/scys12/modul-go/internal/delivery/user/create_user.go:22.2,23.16 2 0
github.com/scys12/modul-go/internal/delivery/user/create_user.go:27.2,27.40 1 0
github.com/scys12/modul-go/internal/delivery/user/create_user.go:13.16,16.3 2 0
github.com/scys12/modul-go/internal/delivery/user/create_user.go:18.16,21.3 2 0
github.com/scys12/modul-go/internal/delivery/user/create_user.go:23.16,26.3 2 0
github.com/scys12/modul-go/internal/persistence/product/init.go:25.43,29.2 1 0
github.com/scys12/modul-go/internal/delivery/product/insert_product.go:11.82,16.16 4 0
github.com/scys12/modul-go/internal/delivery/product/insert_product.go:20.2,21.16 2 0
github.com/scys12/modul-go/internal/delivery/product/insert_product.go:25.2,26.16 2 0
github.com/scys12/modul-go/internal/delivery/product/insert_product.go:30.2,30.43 1 0
github.com/scys12/modul-go/internal/delivery/product/insert_product.go:16.16,19.3 2 0
github.com/scys12/modul-go/internal/delivery/product/insert_product.go:21.16,24.3 2 0
github.com/scys12/modul-go/internal/delivery/product/insert_product.go:26.16,29.3 2 0
github.com/scys12/modul-go/mocks/IProductDelivery.go:17.84,19.2 1 0
github.com/scys12/modul-go/mocks/IProductDelivery.go:22.87,24.2 1 0
github.com/scys12/modul-go/mocks/IProductDelivery.go:27.94,29.2 1 0
github.com/scys12/modul-go/mocks/IProductDelivery.go:32.84,34.2 1 0
github.com/scys12/modul-go/mocks/IProductDelivery.go:37.91,39.2 1 0
github.com/scys12/modul-go/mocks/IProductDelivery.go:42.87,44.2 1 0
github.com/scys12/modul-go/mocks/IProductDelivery.go:47.87,49.2 1 0
github.com/scys12/modul-go/mocks/IUserDelivery.go:17.84,19.2 1 0
github.com/scys12/modul-go/mocks/IUserDelivery.go:22.84,24.2 1 0
github.com/scys12/modul-go/mocks/IUserDelivery.go:27.80,29.2 1 0
github.com/scys12/modul-go/mocks/IUserRepo.go:16.82,20.58 3 1
github.com/scys12/modul-go/mocks/IUserRepo.go:26.2,27.59 2 1
github.com/scys12/modul-go/mocks/IUserRepo.go:33.2,33.15 1 1
github.com/scys12/modul-go/mocks/IUserRepo.go:20.58,22.3 1 0
github.com/scys12/modul-go/mocks/IUserRepo.go:22.8,24.3 1 1
github.com/scys12/modul-go/mocks/IUserRepo.go:27.59,29.3 1 0
github.com/scys12/modul-go/mocks/IUserRepo.go:29.8,31.3 1 1
github.com/scys12/modul-go/mocks/IUserRepo.go:37.62,41.56 3 1
github.com/scys12/modul-go/mocks/IUserRepo.go:47.2,48.51 2 1
github.com/scys12/modul-go/mocks/IUserRepo.go:54.2,54.15 1 1
github.com/scys12/modul-go/mocks/IUserRepo.go:41.56,43.3 1 0
github.com/scys12/modul-go/mocks/IUserRepo.go:43.8,45.3 1 1
github.com/scys12/modul-go/mocks/IUserRepo.go:48.51,50.3 1 0
github.com/scys12/modul-go/mocks/IUserRepo.go:50.8,52.3 1 1
github.com/scys12/modul-go/mocks/IUserRepo.go:58.63,62.53 3 1
github.com/scys12/modul-go/mocks/IUserRepo.go:68.2,69.48 2 1
github.com/scys12/modul-go/mocks/IUserRepo.go:75.2,75.15 1 1
github.com/scys12/modul-go/mocks/IUserRepo.go:62.53,64.3 1 0
github.com/scys12/modul-go/mocks/IUserRepo.go:64.8,66.3 1 1
github.com/scys12/modul-go/mocks/IUserRepo.go:69.48,71.3 1 0
github.com/scys12/modul-go/mocks/IUserRepo.go:71.8,73.3 1 1
github.com/scys12/modul-go/mocks/IUserRepo.go:79.55,83.55 3 1
github.com/scys12/modul-go/mocks/IUserRepo.go:89.2,89.11 1 1
github.com/scys12/modul-go/mocks/IUserRepo.go:83.55,85.3 1 0
github.com/scys12/modul-go/mocks/IUserRepo.go:85.8,87.3 1 1
github.com/scys12/modul-go/internal/delivery/product/get_available_products.go:9.89,11.16 2 0
github.com/scys12/modul-go/internal/delivery/product/get_available_products.go:15.2,15.33 1 0
github.com/scys12/modul-go/internal/delivery/product/get_available_products.go:11.16,14.3 2 0
github.com/scys12/modul-go/internal/service/product/product.go:8.65,11.2 2 0
github.com/scys12/modul-go/internal/service/product/product.go:13.76,16.2 2 0
github.com/scys12/modul-go/internal/service/product/product.go:18.88,21.2 2 0
github.com/scys12/modul-go/internal/service/product/product.go:23.88,26.2 2 0
github.com/scys12/modul-go/internal/service/product/product.go:28.97,31.2 2 0
github.com/scys12/modul-go/internal/service/product/product.go:33.100,42.2 3 0
github.com/scys12/modul-go/internal/service/product/product.go:44.111,46.16 2 0
github.com/scys12/modul-go/internal/service/product/product.go:49.2,54.8 5 0
github.com/scys12/modul-go/internal/service/product/product.go:46.16,48.3 1 0
github.com/scys12/modul-go/internal/persistence/user/init.go:20.40,24.2 1 0
github.com/scys12/modul-go/internal/delivery/user/login_user.go:10.75,13.16 3 0
github.com/scys12/modul-go/internal/delivery/user/login_user.go:17.2,18.16 2 0
github.com/scys12/modul-go/internal/delivery/user/login_user.go:23.2,24.16 2 0
github.com/scys12/modul-go/internal/delivery/user/login_user.go:28.2,32.29 2 0
github.com/scys12/modul-go/internal/delivery/user/login_user.go:13.16,16.3 2 0
github.com/scys12/modul-go/internal/delivery/user/login_user.go:18.16,21.3 2 0
github.com/scys12/modul-go/internal/delivery/user/login_user.go:24.16,27.3 2 0
github.com/scys12/modul-go/internal/persistence/product/product.go:7.96,12.16 5 0
github.com/scys12/modul-go/internal/persistence/product/product.go:15.2,15.15 1 0
github.com/scys12/modul-go/internal/persistence/product/product.go:18.2,18.8 1 0
github.com/scys12/modul-go/internal/persistence/product/product.go:12.16,14.3 1 0
github.com/scys12/modul-go/internal/persistence/product/product.go:15.15,17.3 1 0
github.com/scys12/modul-go/internal/persistence/product/product.go:21.73,25.2 3 0
github.com/scys12/modul-go/internal/persistence/product/product.go:27.103,32.2 3 0
github.com/scys12/modul-go/internal/persistence/product/product.go:34.78,38.2 3 0
github.com/scys12/modul-go/internal/persistence/product/product.go:40.73,44.2 3 0
github.com/scys12/modul-go/internal/persistence/product/product.go:46.72,50.2 3 0
github.com/scys12/modul-go/internal/persistence/product/product.go:52.88,56.16 4 0
github.com/scys12/modul-go/internal/persistence/product/product.go:59.2,60.18 2 0
github.com/scys12/modul-go/internal/persistence/product/product.go:68.2,69.16 2 0
github.com/scys12/modul-go/internal/persistence/product/product.go:72.2,72.8 1 0
github.com/scys12/modul-go/internal/persistence/product/product.go:56.16,58.3 1 0
github.com/scys12/modul-go/internal/persistence/product/product.go:60.18,63.17 3 0
github.com/scys12/modul-go/internal/persistence/product/product.go:66.3,66.42 1 0
github.com/scys12/modul-go/internal/persistence/product/product.go:63.17,65.4 1 0
github.com/scys12/modul-go/internal/persistence/product/product.go:69.16,71.3 1 0
github.com/scys12/modul-go/internal/persistence/product/product.go:75.55,79.2 3 0
github.com/scys12/modul-go/internal/persistence/product/product.go:81.85,85.16 4 0
github.com/scys12/modul-go/internal/persistence/product/product.go:88.2,89.18 2 0
github.com/scys12/modul-go/internal/persistence/product/product.go:97.2,98.16 2 0
github.com/scys12/modul-go/internal/persistence/product/product.go:101.2,101.8 1 0
github.com/scys12/modul-go/internal/persistence/product/product.go:85.16,87.3 1 0
github.com/scys12/modul-go/internal/persistence/product/product.go:89.18,92.17 3 0
github.com/scys12/modul-go/internal/persistence/product/product.go:95.3,95.42 1 0
github.com/scys12/modul-go/internal/persistence/product/product.go:92.17,94.4 1 0
github.com/scys12/modul-go/internal/persistence/product/product.go:98.16,100.3 1 0
github.com/scys12/modul-go/internal/middleware/middleware.go:18.54,19.71 1 0
github.com/scys12/modul-go/internal/middleware/middleware.go:19.71,22.24 3 0
github.com/scys12/modul-go/internal/middleware/middleware.go:27.3,28.17 2 0
github.com/scys12/modul-go/internal/middleware/middleware.go:33.3,37.23 5 0
github.com/scys12/modul-go/internal/middleware/middleware.go:22.24,26.4 3 0
github.com/scys12/modul-go/internal/middleware/middleware.go:28.17,32.4 3 0
github.com/scys12/modul-go/mocks/IUserService.go:18.74,22.68 3 0
github.com/scys12/modul-go/mocks/IUserService.go:28.2,28.11 1 0
github.com/scys12/modul-go/mocks/IUserService.go:22.68,24.3 1 0
github.com/scys12/modul-go/mocks/IUserService.go:24.8,26.3 1 0
github.com/scys12/modul-go/mocks/IUserService.go:32.69,36.53 3 0
github.com/scys12/modul-go/mocks/IUserService.go:42.2,43.48 2 0
github.com/scys12/modul-go/mocks/IUserService.go:49.2,49.15 1 0
github.com/scys12/modul-go/mocks/IUserService.go:36.53,38.3 1 0
github.com/scys12/modul-go/mocks/IUserService.go:38.8,40.3 1 0
github.com/scys12/modul-go/mocks/IUserService.go:43.48,45.3 1 0
github.com/scys12/modul-go/mocks/IUserService.go:45.8,47.3 1 0
github.com/scys12/modul-go/mocks/IUserService.go:53.82,57.66 3 0
github.com/scys12/modul-go/mocks/IUserService.go:63.2,64.63 2 0
github.com/scys12/modul-go/mocks/IUserService.go:70.2,71.65 2 0
github.com/scys12/modul-go/mocks/IUserService.go:77.2,77.19 1 0
github.com/scys12/modul-go/mocks/IUserService.go:57.66,59.3 1 0
github.com/scys12/modul-go/mocks/IUserService.go:59.8,61.3 1 0
github.com/scys12/modul-go/mocks/IUserService.go:64.63,66.3 1 0
github.com/scys12/modul-go/mocks/IUserService.go:66.8,68.3 1 0
github.com/scys12/modul-go/mocks/IUserService.go:71.65,73.3 1 0
github.com/scys12/modul-go/mocks/IUserService.go:73.8,75.3 1 0
github.com/scys12/modul-go/internal/service/user/init.go:19.52,24.2 2 1
github.com/scys12/modul-go/pkg/payload/response.go:18.64,26.2 4 0
github.com/scys12/modul-go/pkg/payload/response.go:28.70,36.2 4 0
github.com/scys12/modul-go/internal/delivery/product/buy_products.go:11.79,15.16 4 0
github.com/scys12/modul-go/internal/delivery/product/buy_products.go:19.2,19.41 1 0
github.com/scys12/modul-go/internal/delivery/product/buy_products.go:15.16,18.3 2 0
